<?xml version="1.0" encoding="UTF-8"?>
<testsuite xmlns:xsi="http://www.w3.org/2001/XMLSchema-instance" xsi:noNamespaceSchemaLocation="https://maven.apache.org/surefire/maven-surefire-plugin/xsd/surefire-test-report-3.0.xsd" version="3.0" name="org.database.lab2.GradeDaoTest" time="7.707" tests="1" errors="0" skipped="0" failures="0">
  <properties>
[...]
</properties>
  <testcase name="updateTest" classname="org.database.lab2.GradeDaoTest" time="0.994">
    <system-out><![CDATA[18:30:18.334 [main] INFO org.springframework.test.context.support.AnnotationConfigContextLoaderUtils -- Could not detect default configuration classes for test class [org.database.lab2.GradeDaoTest]: GradeDaoTest does not declare any static, non-private, non-final, nested classes annotated with @Configuration.
18:30:18.486 [main] INFO org.springframework.boot.test.context.SpringBootTestContextBootstrapper -- Found @SpringBootConfiguration org.database.lab2.Lab2Application for test class org.database.lab2.GradeDaoTest
18:30:18.734 [main] INFO org.springframework.boot.devtools.restart.RestartApplicationListener -- Restart disabled due to context in which it is running

  .   ____          _            __ _ _
 /\\ / ___'_ __ _ _(_)_ __  __ _ \ \ \ \
( ( )\___ | '_ | '_| | '_ \/ _` | \ \ \ \
 \\/  ___)| |_)| | | | | || (_| |  ) ) ) )
  '  |____| .__|_| |_|_| |_\__, | / / / /
 =========|_|==============|___/=/_/_/_/
 :: Spring Boot ::                (v3.2.5)

2024-06-05T18:30:19.146+08:00  INFO 13856 --- [           main] org.database.lab2.GradeDaoTest           : Starting GradeDaoTest using Java 19.0.2 with PID 13856 (started by 殷子铭 in D:\java\lab2)
2024-06-05T18:30:19.146+08:00  INFO 13856 --- [           main] org.database.lab2.GradeDaoTest           : No active profile set, falling back to 1 default profile: "default"
2024-06-05T18:30:20.401+08:00  INFO 13856 --- [           main] .s.d.r.c.RepositoryConfigurationDelegate : Bootstrapping Spring Data JPA repositories in DEFAULT mode.
2024-06-05T18:30:20.440+08:00  INFO 13856 --- [           main] .s.d.r.c.RepositoryConfigurationDelegate : Finished Spring Data repository scanning in 28 ms. Found 0 JPA repository interfaces.
2024-06-05T18:30:21.547+08:00  INFO 13856 --- [           main] com.alibaba.druid.pool.DruidDataSource   : {dataSource-1} inited
2024-06-05T18:30:22.162+08:00  INFO 13856 --- [           main] o.hibernate.jpa.internal.util.LogHelper  : HHH000204: Processing PersistenceUnitInfo [name: default]
2024-06-05T18:30:22.246+08:00  INFO 13856 --- [           main] org.hibernate.Version                    : HHH000412: Hibernate ORM core version 6.4.4.Final
2024-06-05T18:30:22.293+08:00  INFO 13856 --- [           main] o.h.c.internal.RegionFactoryInitiator    : HHH000026: Second-level cache disabled
2024-06-05T18:30:22.648+08:00  INFO 13856 --- [           main] o.s.o.j.p.SpringPersistenceUnitInfo      : No LoadTimeWeaver setup: ignoring JPA class transformer
2024-06-05T18:30:23.143+08:00  INFO 13856 --- [           main] o.h.e.t.j.p.i.JtaPlatformInitiator       : HHH000489: No JTA platform available (set 'hibernate.transaction.jta.platform' to enable JTA platform integration)
2024-06-05T18:30:23.153+08:00  INFO 13856 --- [           main] j.LocalContainerEntityManagerFactoryBean : Initialized JPA EntityManagerFactory for persistence unit 'default'
2024-06-05T18:30:23.650+08:00  WARN 13856 --- [           main] JpaBaseConfiguration$JpaWebConfiguration : spring.jpa.open-in-view is enabled by default. Therefore, database queries may be performed during view rendering. Explicitly configure spring.jpa.open-in-view to disable this warning
2024-06-05T18:30:24.754+08:00  INFO 13856 --- [           main] org.database.lab2.GradeDaoTest           : Started GradeDaoTest in 6.036 seconds (process running for 7.437)
[Coursechoosing{ID=1, Student_ID='0000000001', Course_ID='0000003', Teacher_ID='00002', Chosen_year=2022}, Coursechoosing{ID=2, Student_ID='0000000003', Course_ID='0000002', Teacher_ID='00002', Chosen_year=2022}, Coursechoosing{ID=3, Student_ID='0000000004', Course_ID='0000002', Teacher_ID='00002', Chosen_year=2022}]
]]></system-out>
  </testcase>
</testsuite>